{
  "RSpec": {
    "coverage": {
      "/stockflare/config/environment.rb": [
        null,
        1,
        null,
        null,
        1
      ],
      "/stockflare/config/application.rb": [
        1,
        null,
        1,
        null,
        null,
        null,
        1,
        null,
        1,
        1,
        null,
        null,
        null,
        null,
        null,
        null,
        null,
        null,
        null,
        null,
        null,
        null,
        null,
        1,
        null,
        1,
        null,
        null
      ],
      "/stockflare/config/boot.rb": [
        1,
        null,
        1
      ],
      "/stockflare/config/environments/test.rb": [
        1,
        null,
        null,
        null,
        null,
        null,
        null,
        1,
        null,
        null,
        null,
        null,
        1,
        null,
        null,
        1,
        1,
        null,
        null,
        1,
        1,
        null,
        null,
        1,
        null,
        null,
        1,
        null,
        null,
        null,
        null,
        1,
        null,
        null,
        1,
        null,
        null,
        1,
        null,
        null,
        null,
        null
      ],
      "/stockflare/config/initializers/assets.rb": [
        null,
        null,
        null,
        1,
        null,
        null,
        null,
        null,
        null,
        null,
        null
      ],
      "/stockflare/config/initializers/backtrace_silencers.rb": [
        null,
        null,
        null,
        null,
        null,
        null,
        null
      ],
      "/stockflare/config/initializers/cookies_serializer.rb": [
        null,
        null,
        1
      ],
      "/stockflare/config/initializers/filter_parameter_logging.rb": [
        null,
        null,
        null,
        1
      ],
      "/stockflare/config/initializers/inflections.rb": [
        null,
        null,
        null,
        null,
        null,
        null,
        null,
        null,
        null,
        null,
        null,
        null,
        null,
        null,
        null,
        null
      ],
      "/stockflare/config/initializers/mime_types.rb": [
        null,
        null,
        null,
        null
      ],
      "/stockflare/config/initializers/session_store.rb": [
        null,
        null,
        1
      ],
      "/stockflare/config/initializers/wrap_parameters.rb": [
        null,
        null,
        null,
        null,
        null,
        null,
        1,
        1,
        null,
        null,
        null,
        null,
        null,
        null
      ],
      "/stockflare/spec/factories/user.rb": [
        1,
        null,
        1,
        null,
        1,
        null,
        1,
        null,
        1,
        null,
        1,
        null,
        1,
        null,
        1,
        null,
        null,
        null,
        null
      ],
      "/stockflare/config/routes.rb": [
        1,
        null,
        null,
        null,
        null,
        1,
        null,
        null,
        null,
        null,
        null,
        null,
        null,
        null,
        null,
        null,
        null,
        null,
        null,
        null,
        null,
        null,
        null,
        null,
        null,
        null,
        null,
        null,
        null,
        null,
        null,
        null,
        null,
        null,
        null,
        null,
        null,
        null,
        null,
        null,
        null,
        null,
        null,
        null,
        null,
        null,
        null,
        null,
        null,
        null,
        null,
        null,
        null,
        null,
        null,
        null
      ],
      "/stockflare/spec/spec_helper.rb": [
        null,
        null,
        null,
        null,
        null,
        null,
        null,
        null,
        null,
        null,
        null,
        null,
        null,
        null,
        null,
        null,
        null,
        null,
        1,
        null,
        null,
        null,
        1,
        null,
        null,
        null,
        null,
        null,
        null,
        null,
        1,
        null,
        null,
        null,
        null,
        1,
        null,
        null,
        null,
        1,
        null,
        null,
        null,
        null,
        null,
        null,
        null,
        null,
        null,
        null,
        null,
        null,
        null,
        null,
        null,
        null,
        null,
        null,
        null,
        null,
        null,
        null,
        null,
        null,
        null,
        null,
        null,
        null,
        null,
        null,
        null,
        null,
        null,
        null,
        null,
        null,
        null,
        null,
        null,
        null,
        null,
        null,
        null,
        null,
        null,
        null,
        null,
        null,
        null,
        null,
        null,
        null
      ],
      "/stockflare/app/helpers/application_helper.rb": [
        1,
        null
      ],
      "/stockflare/spec/models/user_spec.rb": [
        1,
        null,
        24,
        null,
        13,
        null,
        2,
        null,
        2,
        2,
        2,
        2,
        2,
        null,
        1,
        2,
        2,
        null,
        null,
        1,
        2,
        2,
        null,
        null,
        1,
        2,
        2,
        null,
        null,
        1,
        2,
        2,
        null,
        null,
        1,
        null,
        4,
        null,
        3,
        null,
        3,
        null,
        3,
        null,
        1,
        3,
        null,
        null,
        null,
        null,
        1,
        null,
        2,
        null,
        1,
        null,
        1,
        1,
        1,
        1,
        1,
        1,
        null,
        1,
        1,
        null,
        null,
        null,
        null,
        1,
        null,
        3,
        null,
        1,
        null,
        1,
        1,
        null,
        null,
        null,
        null,
        1,
        null,
        1,
        2,
        1,
        null,
        null,
        1,
        2,
        4,
        null,
        null,
        null,
        null,
        1,
        1,
        1,
        1,
        1,
        null,
        2,
        null,
        null,
        1,
        1,
        1,
        1,
        null,
        2,
        null,
        null,
        null,
        1,
        1,
        2,
        2,
        null,
        1,
        2,
        2,
        null,
        null,
        null,
        null
      ],
      "/stockflare/app/models/user.rb": [
        1,
        null,
        1,
        null,
        1,
        null,
        1,
        null,
        1,
        null,
        1,
        0,
        null,
        null,
        1,
        null,
        1,
        3,
        null,
        null,
        1,
        1,
        0,
        0,
        0,
        null,
        0,
        null,
        1,
        null,
        null,
        1,
        1,
        0,
        null,
        1,
        null,
        null,
        1,
        4,
        0,
        0,
        null,
        0,
        0,
        0,
        null,
        4,
        null,
        0,
        null,
        null,
        1,
        5,
        0,
        null,
        0,
        0,
        0,
        null,
        0,
        null,
        5,
        null,
        null,
        1,
        2,
        1,
        0,
        null,
        1,
        null,
        null,
        null,
        1,
        null,
        1,
        2,
        null,
        null,
        null
      ],
      "/stockflare/lib/user_api.rb": [
        1,
        null,
        1,
        1,
        null,
        1,
        1,
        null,
        1,
        1,
        null,
        1,
        null,
        1,
        null,
        1,
        null,
        1,
        2,
        null,
        null,
        1,
        4,
        4,
        0,
        null,
        null,
        null,
        null,
        1,
        5,
        5,
        0,
        null,
        null,
        null,
        null,
        1,
        0,
        null,
        null,
        1,
        0,
        0,
        null,
        null,
        null,
        1,
        1,
        1,
        0,
        null,
        null,
        null,
        null,
        1,
        1,
        1,
        0,
        null,
        null,
        null,
        null,
        1,
        null,
        1,
        null,
        null,
        null,
        null,
        null,
        0,
        null,
        null,
        1,
        null,
        null,
        null,
        0,
        null,
        null,
        1,
        0,
        null,
        null,
        1,
        0,
        null,
        null,
        1,
        2,
        null,
        null,
        1,
        2,
        null,
        null,
        1,
        0,
        0,
        0,
        null,
        null,
        1,
        11,
        11,
        null,
        11,
        null,
        0,
        0,
        0,
        0,
        null,
        0,
        null,
        null,
        0,
        null,
        null,
        null,
        null,
        1,
        null,
        null,
        null,
        null,
        0,
        null,
        null,
        1,
        11,
        null,
        null,
        1,
        0,
        null,
        null,
        1,
        0,
        null,
        null,
        1,
        0,
        null,
        null,
        null
      ],
      "/stockflare/lib/user_api/errors.rb": [
        1,
        1,
        null,
        1,
        null,
        1,
        1,
        1,
        1,
        1,
        null,
        1,
        0,
        null,
        0,
        0,
        null,
        0,
        null,
        0,
        0,
        null,
        null,
        null,
        null,
        null
      ],
      "/stockflare/lib/user_api/errors/server_error.rb": [
        1,
        1,
        1,
        null,
        null,
        null
      ],
      "/stockflare/lib/user_api/errors/base.rb": [
        1,
        1,
        1,
        null,
        1,
        0,
        null,
        0,
        null,
        null,
        null,
        null,
        null
      ],
      "/stockflare/lib/user_api/errors/mfa_enforced.rb": [
        1,
        1,
        1,
        null,
        null,
        null
      ],
      "/stockflare/lib/user_api/errors/bad_request.rb": [
        1,
        1,
        1,
        null,
        null,
        null
      ],
      "/stockflare/lib/user_api/errors/user_not_found.rb": [
        1,
        1,
        1,
        null,
        null,
        null
      ]
    },
    "timestamp": 1437053420
  }
}
